TN:integration_tests
SF:/home/travis/build/dedos-project/DeDOS/src/msus/socket_msu.c
FN:58,msu_monitor_fd
FN:87,msu_remove_fd_monitor
FN:115,process_connection
FN:167,set_default_target
FN:176,socket_handler_main_loop
FN:188,socket_msu_receive
FN:198,socket_msu_destroy
FN:224,parse_init_payload
FN:254,socket_msu_init
FNDA:15,process_connection
FNDA:7,socket_msu_receive
FNDA:7,socket_msu_destroy
FNDA:7,set_default_target
FNDA:12,msu_monitor_fd
FNDA:7,socket_handler_main_loop
FNDA:3,msu_remove_fd_monitor
FNDA:7,socket_msu_init
FNDA:7,parse_init_payload
FNF:9
FNH:9
DA:58,12
DA:60,12
DA:61,0
DA:62,0
DA:64,12
DA:66,12
DA:67,12
DA:69,12
DA:71,12
DA:72,0
DA:74,0
DA:76,0
DA:77,0
DA:78,0
DA:81,12
DA:82,12
DA:87,3
DA:88,3
DA:90,3
DA:91,3
DA:93,3
DA:95,3
DA:96,0
DA:97,0
DA:100,3
DA:104,3
DA:115,15
DA:116,15
DA:117,15
DA:119,15
DA:120,15
DA:122,15
DA:123,15
DA:125,6
DA:130,6
DA:131,6
DA:132,6
DA:133,0
DA:134,0
DA:136,6
DA:137,6
DA:139,6
DA:141,6
DA:142,6
DA:143,0
DA:144,0
DA:145,0
DA:146,0
DA:148,6
DA:151,9
DA:152,9
DA:153,0
DA:154,0
DA:156,9
DA:157,9
DA:158,0
DA:159,0
DA:160,0
DA:162,9
DA:163,9
DA:167,7
DA:169,7
DA:171,7
DA:172,7
DA:173,7
DA:176,7
DA:177,7
DA:179,7
DA:184,7
DA:188,7
DA:189,7
DA:190,7
DA:191,0
DA:193,7
DA:194,7
DA:198,7
DA:199,7
DA:201,7
DA:202,7
DA:203,0
DA:206,7
DA:207,7
DA:208,0
DA:211,7
DA:212,7
DA:213,7
DA:224,7
DA:226,7
DA:227,7
DA:229,7
DA:230,0
DA:234,7
DA:235,0
DA:236,0
DA:238,7
DA:240,7
DA:241,0
DA:242,0
DA:244,7
DA:246,7
DA:247,0
DA:250,7
DA:254,7
DA:256,7
DA:257,0
DA:258,0
DA:261,7
DA:263,7
DA:265,7
DA:268,7
DA:269,7
DA:271,7
DA:273,7
DA:274,0
DA:275,0
DA:278,7
DA:279,7
DA:280,0
DA:281,0
DA:283,7
DA:285,7
DA:286,7
DA:287,0
DA:288,0
DA:291,7
DA:292,7
DA:295,7
DA:298,7
DA:300,7
LF:129
LH:92
end_of_record
TN:integration_tests
SF:/home/travis/build/dedos-project/DeDOS/src/msus/webserver/connection-handler.c
FN:35,init_connection
FN:41,init_read_state
FN:47,init_http_state
FN:53,init_response_state
FN:60,accept_connection
FN:83,read_request
FN:113,parse_request
FN:134,has_regex
FN:146,get_regex_value
FN:169,access_database
FN:198,craft_nonregex_response
FN:205,craft_regex_response
FN:224,write_response
FN:256,close_connection
FNDA:9,init_http_state
FNDA:15,init_read_state
FNDA:4,craft_nonregex_response
FNDA:2,get_regex_value
FNDA:22,read_request
FNDA:6,write_response
FNDA:2,craft_regex_response
FNDA:6,init_response_state
FNDA:7,close_connection
FNDA:6,access_database
FNDA:8,has_regex
FNDA:33,init_connection
FNDA:9,parse_request
FNDA:24,accept_connection
FNF:14
FNH:14
DA:35,33
DA:36,33
DA:37,33
DA:38,33
DA:39,33
DA:41,15
DA:42,15
DA:43,15
DA:44,15
DA:45,15
DA:47,9
DA:48,9
DA:49,9
DA:50,9
DA:51,9
DA:53,6
DA:54,6
DA:55,6
DA:56,6
DA:57,6
DA:58,6
DA:60,24
DA:61,24
DA:62,0
DA:63,0
DA:66,24
DA:67,13
DA:70,24
DA:71,24
DA:72,11
DA:73,11
DA:74,13
DA:76,0
DA:78,13
DA:79,13
DA:83,22
DA:84,22
DA:87,22
DA:88,22
DA:89,22
DA:91,0
DA:94,22
DA:97,13
DA:98,13
DA:100,9
DA:101,9
DA:103,9
DA:105,0
DA:106,0
DA:108,0
DA:109,0
DA:113,9
DA:114,9
DA:116,9
DA:118,6
DA:119,6
DA:121,2
DA:122,2
DA:124,1
DA:125,1
DA:127,0
DA:128,0
DA:134,8
DA:135,8
DA:136,8
DA:137,4
DA:138,4
DA:140,4
DA:141,4
DA:146,2
DA:147,2
DA:148,2
DA:149,0
DA:150,2
DA:151,2
DA:152,8
DA:153,8
DA:158,2
DA:159,2
DA:160,2
DA:162,6
DA:165,0
DA:166,0
DA:169,6
DA:170,6
DA:171,6
DA:173,0
DA:174,0
DA:176,0
DA:177,0
DA:180,0
DA:181,0
DA:183,0
DA:184,0
DA:186,0
DA:187,0
DA:198,4
DA:199,4
DA:201,4
DA:202,4
DA:205,2
DA:207,2
DA:208,2
DA:209,0
DA:210,0
DA:213,2
DA:214,2
DA:215,0
DA:216,0
DA:218,2
DA:219,2
DA:220,2
DA:224,6
DA:225,6
DA:226,0
DA:227,0
DA:230,6
DA:231,6
DA:233,6
DA:234,6
DA:236,0
DA:239,6
DA:242,0
DA:243,0
DA:245,6
DA:246,6
DA:248,0
DA:249,0
DA:251,0
DA:252,0
DA:256,7
DA:257,7
DA:258,7
DA:259,7
DA:262,7
DA:263,7
DA:264,0
DA:265,0
DA:267,7
DA:268,7
LF:140
LH:102
end_of_record
TN:integration_tests
SF:/home/travis/build/dedos-project/DeDOS/src/msus/webserver/dbops.c
FN:43,allocate_file
FN:66,access_file
FN:79,init_db
FN:87,allocate_db_memory
FN:93,free_db_memory
FN:104,init_db_socket
FN:121,connect_to_db
FN:144,send_to_db
FN:158,recv_from_db
FN:182,query_db
FNDA:15,free_db_memory
FNDA:15,init_db
FNDA:15,allocate_file
FNDA:0,connect_to_db
FNDA:0,access_file
FNDA:15,allocate_db_memory
FNDA:0,recv_from_db
FNDA:0,send_to_db
FNDA:0,init_db_socket
FNDA:0,query_db
FNF:10
FNH:4
DA:43,15
DA:44,15
DA:45,15
DA:46,15
DA:47,15
DA:48,15
DA:49,15
DA:50,30
DA:51,15
DA:52,15
DA:53,15
DA:54,0
DA:56,15
DA:58,15
DA:59,15
DA:60,15
DA:61,15
DA:63,15
DA:66,0
DA:67,0
DA:68,0
DA:69,0
DA:70,0
DA:71,0
DA:72,0
DA:74,0
DA:76,0
DA:79,15
DA:80,15
DA:81,15
DA:82,15
DA:83,15
DA:84,15
DA:85,15
DA:87,15
DA:88,15
DA:89,15
DA:90,15
DA:93,15
DA:94,15
DA:95,30
DA:96,15
DA:98,15
DA:99,15
DA:100,15
DA:101,15
DA:104,0
DA:105,0
DA:106,0
DA:107,0
DA:108,0
DA:110,0
DA:111,0
DA:112,0
DA:114,0
DA:115,0
DA:118,0
DA:121,0
DA:122,0
DA:123,0
DA:124,0
DA:125,0
DA:128,0
DA:129,0
DA:130,0
DA:131,0
DA:132,0
DA:134,0
DA:135,0
DA:136,0
DA:139,0
DA:140,0
DA:141,0
DA:144,0
DA:145,0
DA:146,0
DA:147,0
DA:149,0
DA:150,0
DA:153,0
DA:158,0
DA:160,0
DA:161,0
DA:164,0
DA:165,0
DA:166,0
DA:168,0
DA:169,0
DA:174,0
DA:176,0
DA:177,0
DA:178,0
DA:179,0
DA:182,0
DA:183,0
DA:184,0
DA:185,0
DA:190,0
DA:193,0
DA:194,0
DA:195,0
DA:196,0
DA:197,0
DA:198,0
DA:199,0
DA:200,0
DA:201,0
DA:204,0
DA:205,0
DA:206,0
DA:209,0
DA:210,0
DA:211,0
DA:212,0
DA:213,0
DA:214,0
DA:215,0
DA:216,0
DA:219,0
DA:220,0
DA:221,0
DA:224,0
DA:225,0
DA:226,0
DA:227,0
DA:228,0
DA:229,0
DA:230,0
DA:231,0
DA:232,0
DA:234,0
DA:235,0
DA:236,0
DA:239,0
DA:240,0
LF:135
LH:36
end_of_record
TN:integration_tests
SF:/home/travis/build/dedos-project/DeDOS/src/msus/webserver/http_msu.c
FN:35,handle_db
FN:74,handle_parsing
FN:102,craft_http_response
FN:159,http_init
FN:187,http_destroy
FNDA:6,handle_db
FNDA:9,handle_parsing
FNDA:9,craft_http_response
FNDA:15,http_init
FNDA:15,http_destroy
FNF:5
FNH:5
DA:35,6
DA:39,6
DA:40,6
DA:42,6
DA:43,0
DA:44,0
DA:45,0
DA:46,0
DA:47,0
DA:48,0
DA:49,0
DA:51,6
DA:52,0
DA:53,0
DA:54,0
DA:55,6
DA:56,6
DA:57,6
DA:58,6
DA:59,6
DA:61,6
DA:62,4
DA:63,4
DA:64,4
DA:67,2
DA:69,0
DA:70,0
DA:74,9
DA:78,9
DA:79,0
DA:80,0
DA:81,0
DA:83,9
DA:84,9
DA:86,9
DA:87,6
DA:88,6
DA:89,3
DA:90,1
DA:91,1
DA:93,1
DA:95,2
DA:96,2
DA:98,2
DA:102,9
DA:104,9
DA:106,9
DA:107,9
DA:108,9
DA:109,9
DA:110,9
DA:111,9
DA:112,9
DA:113,9
DA:116,0
DA:118,0
DA:119,0
DA:120,0
DA:124,9
DA:125,0
DA:126,0
DA:127,0
DA:129,0
DA:130,0
DA:136,9
DA:139,9
DA:140,9
DA:141,9
DA:142,0
DA:145,9
DA:147,0
DA:148,0
DA:149,0
DA:151,0
DA:152,0
DA:154,0
DA:155,0
DA:159,15
DA:160,15
DA:162,15
DA:166,15
DA:167,0
DA:168,0
DA:171,15
DA:172,0
DA:173,0
DA:175,15
DA:177,15
DA:178,0
DA:179,0
DA:181,15
DA:183,15
DA:184,15
DA:187,15
DA:188,15
DA:189,15
LF:96
LH:58
end_of_record
TN:integration_tests
SF:/home/travis/build/dedos-project/DeDOS/src/msus/webserver/http_parser.c
FN:487,parse_url_char
FN:634,http_parser_execute
FN:2037,http_message_needs_eof
FN:2060,http_should_keep_alive
FN:2079,http_method_str
FN:2086,http_parser_init
FN:2097,http_parser_settings_init
FN:2103,http_errno_name
FN:2109,http_errno_description
FN:2115,http_parse_host_char
FN:2197,http_parse_host
FN:2279,http_parser_url_init
FN:2284,http_parser_parse_url
FN:2388,http_parser_pause
FN:2402,http_body_is_final
FN:2407,http_parser_version
FNDA:0,http_parse_host_char
FNDA:29,parse_url_char
FNDA:0,http_errno_name
FNDA:0,http_body_is_final
FNDA:0,http_parser_version
FNDA:0,http_errno_description
FNDA:0,http_parse_host
FNDA:0,http_parser_url_init
FNDA:0,http_parser_parse_url
FNDA:0,http_method_str
FNDA:0,http_should_keep_alive
FNDA:6,http_message_needs_eof
FNDA:0,http_parser_pause
FNDA:9,http_parser_init
FNDA:9,http_parser_execute
FNDA:0,http_parser_settings_init
FNF:16
FNH:4
DA:487,29
DA:489,29
DA:490,0
DA:499,29
DA:505,9
DA:506,9
DA:509,0
DA:510,0
DA:513,0
DA:516,0
DA:517,0
DA:520,0
DA:521,0
DA:524,0
DA:527,0
DA:528,0
DA:531,0
DA:534,0
DA:535,0
DA:538,0
DA:541,0
DA:542,0
DA:548,0
DA:549,0
DA:552,0
DA:553,0
DA:556,0
DA:557,0
DA:560,0
DA:561,0
DA:564,0
DA:567,2
DA:568,0
DA:571,2
DA:573,2
DA:576,0
DA:579,0
DA:583,18
DA:584,18
DA:587,0
DA:590,0
DA:593,0
DA:596,0
DA:599,0
DA:600,0
DA:603,0
DA:605,0
DA:608,0
DA:611,0
DA:614,0
DA:615,0
DA:618,0
DA:621,0
DA:624,0
DA:627,0
DA:631,0
DA:634,9
DA:641,9
DA:642,9
DA:643,9
DA:644,9
DA:645,9
DA:646,9
DA:647,9
DA:648,9
DA:651,9
DA:652,0
DA:655,9
DA:656,0
DA:661,0
DA:662,0
DA:668,0
DA:671,0
DA:672,0
DA:677,9
DA:678,0
DA:679,9
DA:680,0
DA:681,9
DA:693,0
DA:694,0
DA:696,0
DA:697,0
DA:699,9
DA:702,324
DA:703,316
DA:705,316
DA:706,316
DA:709,344
DA:715,0
DA:718,0
DA:719,0
DA:723,0
DA:725,0
DA:726,0
DA:728,0
DA:729,0
DA:731,0
DA:733,0
DA:734,0
DA:735,0
DA:738,0
DA:742,0
DA:743,0
DA:744,0
DA:746,0
DA:747,0
DA:748,0
DA:751,0
DA:752,0
DA:753,0
DA:754,0
DA:756,0
DA:760,0
DA:761,0
DA:763,0
DA:765,0
DA:766,0
DA:770,0
DA:773,0
DA:774,0
DA:777,0
DA:778,0
DA:783,0
DA:784,0
DA:788,0
DA:789,0
DA:793,0
DA:794,0
DA:798,0
DA:799,0
DA:802,0
DA:803,0
DA:804,0
DA:807,0
DA:808,0
DA:809,0
DA:813,0
DA:814,0
DA:815,0
DA:818,0
DA:819,0
DA:823,0
DA:824,0
DA:825,0
DA:828,0
DA:829,0
DA:830,0
DA:834,0
DA:835,0
DA:836,0
DA:839,0
DA:840,0
DA:845,0
DA:846,0
DA:847,0
DA:850,0
DA:851,0
DA:853,0
DA:854,0
DA:855,0
DA:860,0
DA:861,0
DA:863,0
DA:864,0
DA:867,0
DA:868,0
DA:871,0
DA:872,0
DA:874,0
DA:877,0
DA:878,0
DA:880,0
DA:881,0
DA:882,0
DA:885,0
DA:890,0
DA:891,0
DA:892,0
DA:894,0
DA:897,0
DA:901,0
DA:902,0
DA:903,0
DA:904,0
DA:907,0
DA:908,0
DA:909,0
DA:910,0
DA:913,0
DA:917,0
DA:918,0
DA:922,9
DA:924,9
DA:925,9
DA:927,9
DA:928,0
DA:929,0
DA:932,9
DA:933,9
DA:934,9
DA:935,0
DA:936,0
DA:937,0
DA:938,0
DA:939,9
DA:940,0
DA:941,0
DA:942,0
DA:943,0
DA:944,0
DA:945,0
DA:947,0
DA:948,0
DA:949,0
DA:950,0
DA:951,0
DA:953,0
DA:954,0
DA:956,9
DA:958,9
DA:960,9
DA:966,27
DA:967,0
DA:968,0
DA:971,27
DA:972,27
DA:973,9
DA:974,18
DA:976,0
DA:978,0
DA:983,0
DA:984,0
DA:985,0
DA:986,0
DA:987,0
DA:988,0
DA:989,0
DA:990,0
DA:991,0
DA:992,0
DA:993,0
DA:994,0
DA:995,0
DA:996,0
DA:997,0
DA:998,0
DA:999,0
DA:1000,0
DA:1003,0
DA:1004,0
DA:1006,0
DA:1007,0
DA:1008,0
DA:1011,27
DA:1012,27
DA:1017,9
DA:1019,9
DA:1020,9
DA:1021,0
DA:1024,9
DA:1025,9
DA:1026,0
DA:1027,0
DA:1030,9
DA:1038,0
DA:1043,0
DA:1044,0
DA:1046,0
DA:1047,0
DA:1048,0
DA:1049,0
DA:1053,0
DA:1064,29
DA:1066,9
DA:1067,9
DA:1068,9
DA:1071,0
DA:1072,0
DA:1073,0
DA:1076,0
DA:1077,0
DA:1079,20
DA:1080,20
DA:1081,0
DA:1082,0
DA:1085,29
DA:1089,9
DA:1091,9
DA:1092,9
DA:1094,0
DA:1096,0
DA:1097,0
DA:1099,9
DA:1103,9
DA:1104,9
DA:1108,9
DA:1109,9
DA:1113,9
DA:1114,9
DA:1118,9
DA:1119,9
DA:1122,9
DA:1123,1
DA:1124,1
DA:1127,8
DA:1128,8
DA:1129,8
DA:1133,8
DA:1134,0
DA:1135,0
DA:1138,8
DA:1139,8
DA:1143,8
DA:1144,0
DA:1145,0
DA:1148,8
DA:1149,8
DA:1150,8
DA:1154,8
DA:1155,8
DA:1156,8
DA:1159,0
DA:1160,0
DA:1161,0
DA:1164,0
DA:1165,0
DA:1172,8
DA:1173,0
DA:1174,0
DA:1177,8
DA:1178,8
DA:1183,30
DA:1184,6
DA:1185,6
DA:1188,24
DA:1191,0
DA:1192,0
DA:1195,24
DA:1197,24
DA:1198,0
DA:1199,0
DA:1202,24
DA:1204,24
DA:1205,24
DA:1207,24
DA:1209,8
DA:1210,8
DA:1213,0
DA:1214,0
DA:1217,0
DA:1218,0
DA:1221,8
DA:1222,8
DA:1225,8
DA:1226,8
DA:1228,24
DA:1233,24
DA:1234,192
DA:1235,192
DA:1236,192
DA:1238,192
DA:1239,24
DA:1241,168
DA:1243,88
DA:1246,8
DA:1247,8
DA:1248,8
DA:1251,8
DA:1252,8
DA:1253,8
DA:1256,8
DA:1257,8
DA:1259,8
DA:1260,8
DA:1262,0
DA:1263,0
DA:1265,0
DA:1266,0
DA:1268,8
DA:1273,48
DA:1274,48
DA:1275,48
DA:1276,0
DA:1277,48
DA:1278,8
DA:1280,48
DA:1285,0
DA:1286,0
DA:1287,0
DA:1288,0
DA:1289,0
DA:1290,0
DA:1292,0
DA:1297,0
DA:1298,0
DA:1299,0
DA:1300,0
DA:1301,0
DA:1302,0
DA:1304,0
DA:1309,0
DA:1310,0
DA:1311,0
DA:1312,0
DA:1313,0
DA:1314,0
DA:1316,0
DA:1321,8
DA:1322,8
DA:1323,8
DA:1324,8
DA:1325,0
DA:1326,0
DA:1328,8
DA:1334,0
DA:1335,0
DA:1338,0
DA:1343,24
DA:1345,24
DA:1346,0
DA:1347,0
DA:1350,24
DA:1351,24
DA:1352,24
DA:1353,24
DA:1356,0
DA:1357,0
DA:1361,48
DA:1363,24
DA:1364,0
DA:1365,0
DA:1368,24
DA:1369,0
DA:1370,0
DA:1377,24
DA:1379,24
DA:1380,24
DA:1382,24
DA:1384,24
DA:1386,0
DA:1387,0
DA:1388,0
DA:1392,0
DA:1393,0
DA:1395,0
DA:1397,0
DA:1400,0
DA:1401,0
DA:1402,0
DA:1405,0
DA:1406,0
DA:1407,0
DA:1410,0
DA:1411,0
DA:1412,0
DA:1416,8
DA:1417,0
DA:1419,8
DA:1420,8
DA:1421,0
DA:1422,0
DA:1424,0
DA:1426,8
DA:1430,0
DA:1433,16
DA:1434,16
DA:1436,24
DA:1441,24
DA:1442,24
DA:1443,72
DA:1444,72
DA:1445,72
DA:1446,24
DA:1447,24
DA:1448,24
DA:1449,24
DA:1452,48
DA:1453,0
DA:1454,0
DA:1455,0
DA:1456,0
DA:1457,0
DA:1460,48
DA:1461,0
DA:1462,0
DA:1465,48
DA:1467,48
DA:1472,16
DA:1474,16
DA:1476,16
DA:1477,16
DA:1478,16
DA:1479,16
DA:1480,0
DA:1482,16
DA:1483,0
DA:1484,0
DA:1486,0
DA:1488,16
DA:1490,16
DA:1495,0
DA:1502,0
DA:1504,0
DA:1505,0
DA:1506,0
DA:1507,0
DA:1510,0
DA:1511,0
DA:1512,0
DA:1515,0
DA:1516,0
DA:1517,0
DA:1518,0
DA:1521,0
DA:1522,0
DA:1527,0
DA:1528,0
DA:1529,0
DA:1530,0
DA:1531,0
DA:1532,0
DA:1534,0
DA:1538,0
DA:1539,0
DA:1541,0
DA:1542,0
DA:1543,0
DA:1544,0
DA:1545,0
DA:1546,0
DA:1547,0
DA:1550,0
DA:1552,0
DA:1556,0
DA:1557,0
DA:1558,0
DA:1559,0
DA:1560,0
DA:1561,0
DA:1563,0
DA:1567,32
DA:1568,32
DA:1569,0
DA:1570,32
DA:1571,8
DA:1573,32
DA:1577,0
DA:1578,0
DA:1579,0
DA:1580,0
DA:1581,0
DA:1582,0
DA:1584,0
DA:1587,0
DA:1588,0
DA:1589,0
DA:1591,0
DA:1594,0
DA:1595,0
DA:1600,0
DA:1601,0
DA:1602,0
DA:1603,0
DA:1604,0
DA:1605,0
DA:1606,0
DA:1608,0
DA:1609,0
DA:1610,0
DA:1611,0
DA:1613,0
DA:1616,0
DA:1617,0
DA:1618,0
DA:1621,24
DA:1623,24
DA:1625,24
DA:1626,0
DA:1627,24
DA:1632,24
DA:1633,0
DA:1634,0
DA:1637,24
DA:1638,24
DA:1643,22
DA:1644,0
DA:1645,0
DA:1649,22
DA:1651,0
DA:1652,0
DA:1654,8
DA:1655,8
DA:1657,0
DA:1658,0
DA:1660,0
DA:1661,0
DA:1663,14
DA:1666,22
DA:1667,22
DA:1673,0
DA:1674,0
DA:1679,0
DA:1680,0
DA:1681,0
DA:1683,0
DA:1685,0
DA:1686,0
DA:1688,0
DA:1689,0
DA:1691,0
DA:1692,0
DA:1694,0
DA:1695,0
DA:1697,0
DA:1701,0
DA:1702,0
DA:1703,0
DA:1704,0
DA:1712,6
DA:1714,0
DA:1715,0
DA:1716,0
DA:1721,6
DA:1722,0
DA:1723,0
DA:1724,0
DA:1727,6
DA:1730,6
DA:1731,0
DA:1736,0
DA:1737,0
DA:1739,6
DA:1751,6
DA:1752,6
DA:1754,6
DA:1757,0
DA:1761,0
DA:1762,0
DA:1765,0
DA:1766,0
DA:1770,6
DA:1771,0
DA:1774,6
DA:1782,6
DA:1784,12
DA:1785,12
DA:1786,6
DA:1787,0
DA:1789,0
DA:1790,0
DA:1791,0
DA:1794,6
DA:1795,0
DA:1796,0
DA:1797,6
DA:1799,0
DA:1801,6
DA:1803,0
DA:1804,0
DA:1805,6
DA:1807,0
DA:1809,6
DA:1811,6
DA:1812,6
DA:1815,0
DA:1820,6
DA:1825,0
DA:1828,0
DA:1836,0
DA:1837,0
DA:1838,0
DA:1840,0
DA:1841,0
DA:1852,0
DA:1853,0
DA:1856,0
DA:1861,0
DA:1862,0
DA:1864,0
DA:1867,0
DA:1868,0
DA:1869,0
DA:1871,0
DA:1873,0
DA:1877,0
DA:1878,0
DA:1880,0
DA:1881,0
DA:1882,0
DA:1883,0
DA:1886,0
DA:1887,0
DA:1888,0
DA:1895,0
DA:1897,0
DA:1898,0
DA:1899,0
DA:1902,0
DA:1904,0
DA:1905,0
DA:1906,0
DA:1907,0
DA:1910,0
DA:1911,0
DA:1914,0
DA:1915,0
DA:1916,0
DA:1919,0
DA:1920,0
DA:1921,0
DA:1924,0
DA:1925,0
DA:1930,0
DA:1932,0
DA:1933,0
DA:1934,0
DA:1936,0
DA:1941,0
DA:1944,0
DA:1946,0
DA:1947,0
DA:1948,0
DA:1950,0
DA:1952,0
DA:1953,0
DA:1958,0
DA:1961,0
DA:1962,0
DA:1968,0
DA:1969,0
DA:1970,0
DA:1972,0
DA:1973,0
DA:1976,0
DA:1980,0
DA:1981,0
DA:1983,0
DA:1984,0
DA:1985,0
DA:1988,0
DA:1990,0
DA:1991,0
DA:1992,0
DA:1993,0
DA:1996,0
DA:2012,8
DA:2018,8
DA:2019,8
DA:2020,8
DA:2021,8
DA:2022,8
DA:2024,8
DA:2027,1
DA:2028,0
DA:2031,1
DA:2037,6
DA:2039,6
DA:2040,6
DA:2044,0
DA:2045,0
DA:2046,0
DA:2047,0
DA:2048,0
DA:2051,0
DA:2052,0
DA:2055,0
DA:2060,0
DA:2062,0
DA:2064,0
DA:2065,0
DA:2069,0
DA:2070,0
DA:2074,0
DA:2079,0
DA:2081,0
DA:2086,9
DA:2088,9
DA:2089,9
DA:2090,9
DA:2091,9
DA:2092,9
DA:2093,9
DA:2094,9
DA:2097,0
DA:2099,0
DA:2100,0
DA:2103,0
DA:2104,0
DA:2105,0
DA:2109,0
DA:2110,0
DA:2111,0
DA:2115,0
DA:2116,0
DA:2119,0
DA:2120,0
DA:2123,0
DA:2124,0
DA:2126,0
DA:2129,0
DA:2130,0
DA:2133,0
DA:2134,0
DA:2137,0
DA:2140,0
DA:2141,0
DA:2146,0
DA:2147,0
DA:2150,0
DA:2153,0
DA:2154,0
DA:2159,0
DA:2160,0
DA:2163,0
DA:2164,0
DA:2166,0
DA:2169,0
DA:2170,0
DA:2176,0
DA:2178,0
DA:2180,0
DA:2184,0
DA:2185,0
DA:2188,0
DA:2191,0
DA:2193,0
DA:2197,0
DA:2201,0
DA:2203,0
DA:2205,0
DA:2207,0
DA:2209,0
DA:2210,0
DA:2212,0
DA:2213,0
DA:2216,0
DA:2218,0
DA:2219,0
DA:2221,0
DA:2222,0
DA:2225,0
DA:2226,0
DA:2228,0
DA:2229,0
DA:2233,0
DA:2234,0
DA:2237,0
DA:2238,0
DA:2239,0
DA:2240,0
DA:2242,0
DA:2243,0
DA:2246,0
DA:2247,0
DA:2248,0
DA:2249,0
DA:2251,0
DA:2252,0
DA:2255,0
DA:2257,0
DA:2261,0
DA:2270,0
DA:2272,0
DA:2275,0
DA:2279,0
DA:2280,0
DA:2281,0
DA:2284,0
DA:2290,0
DA:2292,0
DA:2293,0
DA:2294,0
DA:2296,0
DA:2297,0
DA:2300,0
DA:2302,0
DA:2310,0
DA:2313,0
DA:2314,0
DA:2317,0
DA:2321,0
DA:2322,0
DA:2325,0
DA:2326,0
DA:2329,0
DA:2330,0
DA:2333,0
DA:2334,0
DA:2337,0
DA:2342,0
DA:2343,0
DA:2344,0
DA:2347,0
DA:2348,0
DA:2350,0
DA:2351,0
DA:2356,0
DA:2357,0
DA:2358,0
DA:2361,0
DA:2362,0
DA:2363,0
DA:2368,0
DA:2369,0
DA:2372,0
DA:2374,0
DA:2377,0
DA:2378,0
DA:2381,0
DA:2384,0
DA:2388,0
DA:2393,0
DA:2394,0
DA:2395,0
DA:2397,0
DA:2399,0
DA:2402,0
DA:2403,0
DA:2407,0
DA:2408,0
LF:921
LH:243
end_of_record
TN:integration_tests
SF:/home/travis/build/dedos-project/DeDOS/src/msus/webserver/read_msu.c
FN:41,handle_read
FN:68,handle_accept
FN:87,read_http_request
FN:137,ws_read_init
FN:158,ws_read_destroy
FN:163,init_ssl_ctx
FN:182,destroy_ssl_ctx
FNDA:22,handle_read
FNDA:23,destroy_ssl_ctx
FNDA:23,init_ssl_ctx
FNDA:24,handle_accept
FNDA:22,ws_read_destroy
FNDA:35,read_http_request
FNDA:22,ws_read_init
FNF:7
FNH:7
DA:41,22
DA:45,22
DA:46,22
DA:47,22
DA:48,13
DA:49,13
DA:50,13
DA:51,13
DA:52,13
DA:53,9
DA:54,0
DA:55,0
DA:58,9
DA:60,9
DA:61,9
DA:62,9
DA:63,9
DA:64,9
DA:65,9
DA:68,24
DA:72,24
DA:73,24
DA:74,11
DA:75,11
DA:76,13
DA:77,0
DA:78,0
DA:79,0
DA:80,0
DA:82,13
DA:83,13
DA:87,35
DA:89,35
DA:92,35
DA:93,35
DA:95,33
DA:96,33
DA:97,33
DA:99,2
DA:100,2
DA:101,2
DA:103,0
DA:104,0
DA:107,35
DA:108,35
DA:109,35
DA:110,15
DA:111,15
DA:113,20
DA:115,35
DA:116,0
DA:117,0
DA:120,35
DA:125,24
DA:128,11
DA:130,0
DA:131,0
DA:137,22
DA:138,22
DA:140,22
DA:142,22
DA:143,0
DA:144,0
DA:146,22
DA:147,22
DA:148,22
DA:150,0
DA:151,0
DA:154,22
DA:155,22
DA:158,22
DA:159,22
DA:160,22
DA:163,23
DA:164,23
DA:165,23
DA:166,0
DA:167,0
DA:171,23
DA:172,23
DA:173,0
DA:174,0
DA:177,23
DA:179,23
DA:182,23
DA:183,23
DA:184,23
LF:87
LH:67
end_of_record
TN:integration_tests
SF:/home/travis/build/dedos-project/DeDOS/src/msus/webserver/regex.c
FN:35,html_len
FN:39,regex_html
FNDA:0,html_len
FNDA:2,regex_html
FNF:2
FNH:1
DA:35,0
DA:36,0
DA:39,2
DA:42,2
DA:45,2
DA:46,2
DA:47,2
DA:49,2
DA:52,2
DA:55,2
DA:56,2
DA:58,0
DA:60,2
DA:61,2
DA:62,2
LF:15
LH:12
end_of_record
TN:integration_tests
SF:/home/travis/build/dedos-project/DeDOS/src/msus/webserver/regex_msu.c
FN:31,craft_ws_regex_response
FNDA:2,craft_ws_regex_response
FNF:1
FNH:1
DA:31,2
DA:33,2
DA:35,2
DA:36,0
DA:37,0
DA:40,2
DA:41,2
DA:42,2
LF:8
LH:6
end_of_record
TN:integration_tests
SF:/home/travis/build/dedos-project/DeDOS/src/msus/webserver/regex_routing_msu.c
FN:27,routing_receive
FNDA:2,routing_receive
FNF:1
FNH:1
DA:27,2
DA:28,2
LF:2
LH:2
end_of_record
TN:integration_tests
SF:/home/travis/build/dedos-project/DeDOS/src/msus/webserver/request_parser.c
FN:29,url_callback
FN:38,headers_complete_callback
FN:45,header_field_or_value_callback
FN:58,init_parser_state
FN:68,parse_http
FNDA:9,url_callback
FNDA:48,header_field_or_value_callback
FNDA:9,init_parser_state
FNDA:6,headers_complete_callback
FNDA:9,parse_http
FNF:5
FNH:5
DA:29,9
DA:30,9
DA:31,9
DA:32,9
DA:33,9
DA:34,9
DA:35,9
DA:38,6
DA:39,6
DA:40,6
DA:41,6
DA:42,6
DA:45,48
DA:54,48
DA:58,9
DA:59,9
DA:60,9
DA:61,9
DA:62,9
DA:63,9
DA:64,9
DA:65,9
DA:66,9
DA:68,9
DA:69,9
DA:70,0
DA:71,0
DA:74,9
DA:75,0
DA:78,9
DA:81,9
DA:82,1
DA:83,1
DA:85,1
DA:88,8
LF:35
LH:32
end_of_record
TN:integration_tests
SF:/home/travis/build/dedos-project/DeDOS/src/msus/webserver/socketops.c
FN:36,webserver_sock_settings
FN:43,init_socket
FN:84,read_socket
FN:99,write_socket
FNDA:0,init_socket
FNDA:0,write_socket
FNDA:0,webserver_sock_settings
FNDA:0,read_socket
FNF:4
FNH:0
DA:36,0
DA:37,0
DA:38,0
DA:43,0
DA:45,0
DA:50,0
DA:51,0
DA:52,0
DA:55,0
DA:56,0
DA:57,0
DA:59,0
DA:60,0
DA:61,0
DA:65,0
DA:66,0
DA:67,0
DA:69,0
DA:70,0
DA:71,0
DA:72,0
DA:75,0
DA:76,0
DA:77,0
DA:78,0
DA:81,0
DA:84,0
DA:85,0
DA:86,0
DA:87,0
DA:88,0
DA:90,0
DA:91,0
DA:93,0
DA:94,0
DA:99,0
DA:100,0
DA:101,0
DA:102,0
DA:103,0
DA:105,0
DA:106,0
DA:108,0
DA:109,0
DA:111,0
DA:113,0
LF:46
LH:0
end_of_record
TN:integration_tests
SF:/home/travis/build/dedos-project/DeDOS/src/msus/webserver/sslops.c
FN:94,crypto_locking_callback
FN:103,crypto_id_function
FN:107,init_ssl_locks
FN:122,kill_ssl_locks
FN:134,init_ssl_context
FN:160,load_ssl_certificate
FN:176,init_ssl_connection
FN:195,accept_ssl
FN:211,read_ssl
FN:224,write_ssl
FN:241,close_ssl
FNDA:23,kill_ssl_locks
FNDA:29,init_ssl_locks
FNDA:23,load_ssl_certificate
FNDA:1990719,crypto_locking_callback
FNDA:23,init_ssl_context
FNDA:7,close_ssl
FNDA:6,write_ssl
FNDA:24,accept_ssl
FNDA:87948,crypto_id_function
FNDA:13,init_ssl_connection
FNDA:22,read_ssl
FNF:11
FNH:11
DA:94,1990719
DA:96,1990719
DA:97,995348
DA:99,995371
DA:101,1990741
DA:103,87948
DA:104,87948
DA:107,29
DA:112,29
DA:113,1218
DA:114,1189
DA:116,29
DA:117,29
DA:118,29
DA:122,23
DA:123,23
DA:124,966
DA:125,943
DA:127,23
DA:128,23
DA:129,23
DA:131,23
DA:134,23
DA:135,23
DA:136,0
DA:137,0
DA:140,23
DA:141,23
DA:142,23
DA:145,23
DA:146,23
DA:147,23
DA:148,23
DA:151,23
DA:152,23
DA:153,0
DA:154,0
DA:157,23
DA:160,23
DA:162,23
DA:163,0
DA:166,23
DA:167,0
DA:170,23
DA:171,0
DA:173,23
DA:176,13
DA:177,13
DA:178,13
DA:179,13
DA:195,24
DA:196,24
DA:197,24
DA:198,24
DA:199,0
DA:203,0
DA:205,24
DA:206,13
DA:208,11
DA:211,22
DA:212,22
DA:213,22
DA:214,22
DA:215,9
DA:216,9
DA:218,13
DA:220,0
DA:221,0
DA:224,6
DA:225,6
DA:226,6
DA:227,6
DA:228,6
DA:229,0
DA:232,6
DA:233,6
DA:235,0
DA:237,0
DA:238,0
DA:241,7
DA:242,7
DA:243,7
DA:244,7
DA:245,7
DA:246,7
DA:247,0
DA:248,0
DA:249,0
DA:251,7
DA:255,7
DA:256,7
DA:258,7
DA:259,7
DA:264,0
DA:265,0
LF:95
LH:75
end_of_record
TN:integration_tests
SF:/home/travis/build/dedos-project/DeDOS/src/msus/webserver/write_msu.c
FN:28,write_http_response
FNDA:7,write_http_response
FNF:1
FNH:1
DA:28,7
DA:30,7
DA:32,7
DA:33,7
DA:34,7
DA:35,7
DA:36,7
DA:39,7
DA:40,1
DA:41,1
DA:42,1
DA:43,1
DA:44,1
DA:47,6
DA:48,6
DA:49,0
DA:50,0
DA:51,0
DA:52,0
DA:53,0
DA:54,6
DA:55,0
DA:56,0
DA:57,0
DA:60,6
DA:61,6
DA:62,6
DA:64,6
DA:65,6
DA:66,6
DA:67,6
LF:31
LH:23
end_of_record
